  stdafx.cpp
  FInalProject.cpp
  KDTree.cpp
  LightPath.cpp
  Render.cpp
Render.cpp(43): warning C4244: 'argument': conversion from 'time_t' to 'unsigned int', possible loss of data
Render.cpp(142): warning C4018: '<': signed/unsigned mismatch
Render.cpp(154): warning C4244: '+=': conversion from 'double' to 'Flt', possible loss of data
Render.cpp(155): warning C4244: '+=': conversion from 'double' to 'Flt', possible loss of data
Render.cpp(156): warning C4244: '+=': conversion from 'double' to 'Flt', possible loss of data
Render.cpp(165): warning C4244: '=': conversion from 'double' to 'Flt', possible loss of data
Render.cpp(166): warning C4244: '=': conversion from 'double' to 'Flt', possible loss of data
Render.cpp(167): warning C4244: '=': conversion from 'double' to 'Flt', possible loss of data
Render.cpp(351): warning C4101: 'material': unreferenced local variable
C:\Program Files (x86)\Microsoft Visual Studio 14.0\VC\include\type_traits(1376): warning C4244: 'argument': conversion from 'double' to 'int', possible loss of data
  C:\Program Files (x86)\Microsoft Visual Studio 14.0\VC\include\type_traits(1444): note: see reference to function template instantiation 'void std::_Invoker_functor::_Call<void(__cdecl *)(int,int,int,int),_Ty,double,_Ty,_Ty>(_Callable &&,_Ty &&,double &&,_Ty &&,_Ty &&)' being compiled
          with
          [
              _Ty=int,
              _Callable=void (__cdecl *)(int,int,int,int)
          ]
  C:\Program Files (x86)\Microsoft Visual Studio 14.0\VC\include\thr/xthread(240): note: see reference to function template instantiation 'void std::invoke<void(__cdecl *)(int,int,int,int),int,double,int,int>(_Callable &&,int &&,double &&,int &&,int &&)' being compiled
          with
          [
              _Callable=void (__cdecl *)(int,int,int,int)
          ]
  C:\Program Files (x86)\Microsoft Visual Studio 14.0\VC\include\thr/xthread(249): note: see reference to function template instantiation 'void std::_LaunchPad<_Target>::_Execute<0,1,2,3,4>(std::tuple<void (__cdecl *)(int,int,int,int),int,double,int,int> &,std::integer_sequence<std::_Ty,0,1,2,3,4>)' being compiled
          with
          [
              _Target=std::unique_ptr<std::tuple<void (__cdecl *)(int,int,int,int),int,double,int,int>,std::default_delete<std::tuple<void (__cdecl *)(int,int,int,int),int,double,int,int>>>,
              _Ty=std::size_t
          ]
  C:\Program Files (x86)\Microsoft Visual Studio 14.0\VC\include\thr/xthread(247): note: see reference to function template instantiation 'void std::_LaunchPad<_Target>::_Execute<0,1,2,3,4>(std::tuple<void (__cdecl *)(int,int,int,int),int,double,int,int> &,std::integer_sequence<std::_Ty,0,1,2,3,4>)' being compiled
          with
          [
              _Target=std::unique_ptr<std::tuple<void (__cdecl *)(int,int,int,int),int,double,int,int>,std::default_delete<std::tuple<void (__cdecl *)(int,int,int,int),int,double,int,int>>>,
              _Ty=std::size_t
          ]
  C:\Program Files (x86)\Microsoft Visual Studio 14.0\VC\include\thr/xthread(244): note: while compiling class template member function 'void std::_LaunchPad<_Target>::_Run(std::_LaunchPad<_Target> *) noexcept'
          with
          [
              _Target=std::unique_ptr<std::tuple<void (__cdecl *)(int,int,int,int),int,double,int,int>,std::default_delete<std::tuple<void (__cdecl *)(int,int,int,int),int,double,int,int>>>
          ]
  C:\Program Files (x86)\Microsoft Visual Studio 14.0\VC\include\thr/xthread(232): note: see reference to function template instantiation 'void std::_LaunchPad<_Target>::_Run(std::_LaunchPad<_Target> *) noexcept' being compiled
          with
          [
              _Target=std::unique_ptr<std::tuple<void (__cdecl *)(int,int,int,int),int,double,int,int>,std::default_delete<std::tuple<void (__cdecl *)(int,int,int,int),int,double,int,int>>>
          ]
  C:\Program Files (x86)\Microsoft Visual Studio 14.0\VC\include\thr/xthread(259): note: see reference to class template instantiation 'std::_LaunchPad<_Target>' being compiled
          with
          [
              _Target=std::unique_ptr<std::tuple<void (__cdecl *)(int,int,int,int),int,double,int,int>,std::default_delete<std::tuple<void (__cdecl *)(int,int,int,int),int,double,int,int>>>
          ]
  C:\Program Files (x86)\Microsoft Visual Studio 14.0\VC\include\thread(50): note: see reference to function template instantiation 'void std::_Launch<std::unique_ptr<std::tuple<void (__cdecl *)(int,int,int,int),int,double,int,int>,std::default_delete<_Ty>>>(_Thrd_t *,_Target &&)' being compiled
          with
          [
              _Ty=std::tuple<void (__cdecl *)(int,int,int,int),int,double,int,int>,
              _Target=std::unique_ptr<std::tuple<void (__cdecl *)(int,int,int,int),int,double,int,int>,std::default_delete<std::tuple<void (__cdecl *)(int,int,int,int),int,double,int,int>>>
          ]
  Render.cpp(88): note: see reference to function template instantiation 'std::thread::thread<void(__cdecl &)(int,int,int,int),int,double&,const int&,const int&,void>(_Fn,int &&,double &,const int &,const int &)' being compiled
          with
          [
              _Fn=void (__cdecl &)(int,int,int,int)
          ]
  SceneObject.cpp
SceneObject.cpp(98): warning C4101: 'v': unreferenced local variable
SceneObject.cpp(98): warning C4101: 'u': unreferenced local variable
SceneObject.cpp(185): warning C4244: '=': conversion from 'double' to 'Flt', possible loss of data
SceneObject.cpp(189): warning C4244: '=': conversion from 'double' to 'Flt', possible loss of data
SceneObject.cpp(193): warning C4244: '=': conversion from 'double' to 'Flt', possible loss of data
SceneObject.cpp(198): warning C4244: '=': conversion from 'double' to 'Flt', possible loss of data
SceneObject.cpp(203): warning C4244: '=': conversion from 'double' to 'Flt', possible loss of data
SceneObject.cpp(208): warning C4244: '=': conversion from 'double' to 'Flt', possible loss of data
  scene_io.cpp
  Generating code
  0 of 810 functions ( 0.0%) were compiled, the rest were copied from previous compilation.
    0 functions were new in current compilation
    0 functions had inline decision re-evaluated but remain unchanged
  Finished generating code
  FInalProject.vcxproj -> C:\Users\Christian Daley\Dropbox\Christian\CS 285\FInalProject\Release\FInalProject.exe
  FInalProject.vcxproj -> C:\Users\Christian Daley\Dropbox\Christian\CS 285\FInalProject\Release\FInalProject.pdb (Full PDB)
